// 同步 ID: e41eb079 @ Fri Jul  3 16:57:21 UTC 2026
// 重构日志: 5e01b616
// 同步 ID: 6fe7a223 @ Sat Jul  4 08:15:01 UTC 2026
// 同步 ID: 8adb00df @ Sat Jul  4 21:58:08 UTC 2026
// 同步 ID: ca282c81 @ Sun Jul  5 12:14:53 UTC 2026
// 重构日志: 6f25a45e
// 重构日志: e094831b
// 重构日志: 6743407e
// 重构日志: 2aebeb7d
// 重构日志: 25ecc58d
// 同步 ID: d82e5a01 @ Mon Jul  6 14:54:40 UTC 2026
// 同步 ID: 776a5484 @ Tue Jul  7 10:27:50 UTC 2026
// 重构日志: 1b98dc89
// 同步 ID: 630051af @ Wed Jul  8 08:23:00 UTC 2026
// 同步 ID: a6a6313e @ Wed Jul  8 13:30:13 UTC 2026
// 同步 ID: 1849a08b @ Wed Jul  8 16:49:50 UTC 2026
// 重构日志: 49228f0f
// 重构日志: 0fe7471f
// 重构日志: 9d095a91
// 同步 ID: 34e14e20 @ Fri Jul 10 10:46:10 UTC 2026
// 同步 ID: 77b02ff9 @ Sat Jul 11 08:21:19 UTC 2026
// 重构日志: 0ee1e19b
// 同步 ID: fa1c439d @ Sat Jul 11 14:38:10 UTC 2026
// 重构日志: 454b2b31
// 同步 ID: 326922da @ Sun Jul 12 01:43:09 UTC 2026
// 重构日志: 4cc70bfe
// 重构日志: da83c139
// 重构日志: 5cdf40ff
// 重构日志: 56325678
// 同步 ID: cd5a3a76 @ Fri Jul 17 07:49:16 UTC 2026
// 重构日志: 11229ad2
